<?xml version="1.0" encoding="UTF-8"?>
<!-- Generated by org.testng.reporters.JUnitReportReporter -->
<testsuite hostname="PPineda-EDP-100-981.local" failures="0" tests="2" name="TestCases.Tricentis.TricentisRegistration_PositiveFlowTestCase" time="24.314" errors="0" timestamp="2024-02-05T17:29:40 PST" skipped="0">
  <testcase classname="TestCases.Tricentis.TricentisRegistration_PositiveFlowTestCase" name="Test1EnterVehicleDataMultipleValues" time="11.422"/>
  <testcase classname="TestCases.Tricentis.TricentisRegistration_PositiveFlowTestCase" name="Test1EnterVehicleDataMultipleValues" time="12.892"/>
</testsuite> <!-- TestCases.Tricentis.TricentisRegistration_PositiveFlowTestCase -->
