<?xml version="1.0" encoding="UTF-8"?>
<!-- Generated by org.testng.reporters.JUnitReportReporter -->
<testsuite hostname="PPineda-EDP-100-981.local" failures="0" tests="2" name="TestCases.Tricentis.TricentisRegistration_PositiveFlowTestCase" time="38.132" errors="0" timestamp="2024-02-05T14:55:26 PST" skipped="0">
  <testcase classname="TestCases.Tricentis.TricentisRegistration_PositiveFlowTestCase" name="Test1EnterVehicleDataMultipleValues" time="14.600"/>
  <testcase classname="TestCases.Tricentis.TricentisRegistration_PositiveFlowTestCase" name="Test1EnterVehicleDataMultipleValues" time="23.532"/>
</testsuite> <!-- TestCases.Tricentis.TricentisRegistration_PositiveFlowTestCase -->
